Using pre-set license
Built from '2021.3/staging' branch; Version is '2021.3.26f1 (a16dc32e0ff2) revision 10579395'; Using compiler version '192829333'; Build Type 'Release'
OS: 'Windows 11  (10.0.22621) 64bit CoreSingleLanguage' Language: 'en' Physical Memory: 7896 MB
BatchMode: 1, IsHumanControllingUs: 0, StartBugReporterOnCrash: 0, Is64bit: 1, IsPro: 1

COMMAND LINE ARGUMENTS:
C:\Program Files\Unity\Hub\Editor\2021.3.26f1\Editor\Unity.exe
-adb2
-batchMode
-noUpm
-name
AssetImportWorker4
-projectPath
D:/3.UNITY/ToonBlast
-logFile
Logs/AssetImportWorker4.log
-srvPort
60083
Successfully changed project path to: D:/3.UNITY/ToonBlast
D:/3.UNITY/ToonBlast
[UnityMemory] Configuration Parameters - Can be set up in boot.config
    "memorysetup-bucket-allocator-granularity=16"
    "memorysetup-bucket-allocator-bucket-count=8"
    "memorysetup-bucket-allocator-block-size=33554432"
    "memorysetup-bucket-allocator-block-count=8"
    "memorysetup-main-allocator-block-size=16777216"
    "memorysetup-thread-allocator-block-size=16777216"
    "memorysetup-gfx-main-allocator-block-size=16777216"
    "memorysetup-gfx-thread-allocator-block-size=16777216"
    "memorysetup-cache-allocator-block-size=4194304"
    "memorysetup-typetree-allocator-block-size=2097152"
    "memorysetup-profiler-bucket-allocator-granularity=16"
    "memorysetup-profiler-bucket-allocator-bucket-count=8"
    "memorysetup-profiler-bucket-allocator-block-size=33554432"
    "memorysetup-profiler-bucket-allocator-block-count=8"
    "memorysetup-profiler-allocator-block-size=16777216"
    "memorysetup-profiler-editor-allocator-block-size=1048576"
    "memorysetup-temp-allocator-size-main=16777216"
    "memorysetup-job-temp-allocator-block-size=2097152"
    "memorysetup-job-temp-allocator-block-size-background=1048576"
    "memorysetup-job-temp-allocator-reduction-small-platforms=262144"
    "memorysetup-temp-allocator-size-background-worker=32768"
    "memorysetup-temp-allocator-size-job-worker=262144"
    "memorysetup-temp-allocator-size-preload-manager=33554432"
    "memorysetup-temp-allocator-size-nav-mesh-worker=65536"
    "memorysetup-temp-allocator-size-audio-worker=65536"
    "memorysetup-temp-allocator-size-cloud-worker=32768"
    "memorysetup-temp-allocator-size-gi-baking-worker=262144"
    "memorysetup-temp-allocator-size-gfx=262144"
Player connection [17692] Host "[IP] 172.17.32.1 [Port] 0 [Flags] 2 [Guid] 3792165050 [EditorId] 3792165050 [Version] 1048832 [Id] WindowsEditor(7,TRONGPC) [Debug] 1 [PackageName] WindowsEditor [ProjectName] Editor" joined multi-casting on [225.0.0.222:54997]...

Player connection [17692] Host "[IP] 172.17.32.1 [Port] 0 [Flags] 2 [Guid] 3792165050 [EditorId] 3792165050 [Version] 1048832 [Id] WindowsEditor(7,TRONGPC) [Debug] 1 [PackageName] WindowsEditor [ProjectName] Editor" joined alternative multi-casting on [225.0.0.222:34997]...

Refreshing native plugins compatible for Editor in 68.16 ms, found 3 plugins.
Preloading 0 native plugins for Editor in 0.00 ms.
Initialize engine version: 2021.3.26f1 (a16dc32e0ff2)
[Subsystems] Discovering subsystems at path C:/Program Files/Unity/Hub/Editor/2021.3.26f1/Editor/Data/Resources/UnitySubsystems
[Subsystems] Discovering subsystems at path D:/3.UNITY/ToonBlast/Assets
GfxDevice: creating device client; threaded=0; jobified=0
Direct3D:
    Version:  Direct3D 11.0 [level 11.1]
    Renderer: NVIDIA GeForce RTX 3050 Ti Laptop GPU (ID=0x25a0)
    Vendor:   NVIDIA
    VRAM:     3976 MB
    Driver:   31.0.15.3758
Initialize mono
Mono path[0] = 'C:/Program Files/Unity/Hub/Editor/2021.3.26f1/Editor/Data/Managed'
Mono path[1] = 'C:/Program Files/Unity/Hub/Editor/2021.3.26f1/Editor/Data/MonoBleedingEdge/lib/mono/unityjit-win32'
Mono config path = 'C:/Program Files/Unity/Hub/Editor/2021.3.26f1/Editor/Data/MonoBleedingEdge/etc'
Using monoOptions --debugger-agent=transport=dt_socket,embedding=1,server=y,suspend=n,address=127.0.0.1:56072
Begin MonoManager ReloadAssembly
Registering precompiled unity dll's ...
Register platform support module: C:/Program Files/Unity/Hub/Editor/2021.3.26f1/Editor/Data/PlaybackEngines/WebGLSupport/UnityEditor.WebGL.Extensions.dll
Register platform support module: C:/Program Files/Unity/Hub/Editor/2021.3.26f1/Editor/Data/PlaybackEngines/AndroidPlayer/UnityEditor.Android.Extensions.dll
Register platform support module: C:/Program Files/Unity/Hub/Editor/2021.3.26f1/Editor/Data/PlaybackEngines/WindowsStandaloneSupport/UnityEditor.WindowsStandalone.Extensions.dll
Registered in 0.008274 seconds.
Native extension for WindowsStandalone target not found
Native extension for Android target not found
Android Extension - Scanning For ADB Devices 183 ms
Native extension for WebGL target not found
Refreshing native plugins compatible for Editor in 38.76 ms, found 3 plugins.
Preloading 0 native plugins for Editor in 0.00 ms.
Mono: successfully reloaded assembly
- Completed reload, in  0.699 seconds
Domain Reload Profiling:
	ReloadAssembly (699ms)
		BeginReloadAssembly (119ms)
			ExecutionOrderSort (0ms)
			DisableScriptedObjects (0ms)
			BackupInstance (0ms)
			ReleaseScriptingObjects (0ms)
			CreateAndSetChildDomain (1ms)
		EndReloadAssembly (504ms)
			LoadAssemblies (118ms)
			RebuildTransferFunctionScriptingTraits (0ms)
			SetupTypeCache (74ms)
			ReleaseScriptCaches (0ms)
			RebuildScriptCaches (22ms)
			SetupLoadedEditorAssemblies (371ms)
				LogAssemblyErrors (0ms)
				InitializePlatformSupportModulesInManaged (249ms)
				SetLoadedEditorAssemblies (0ms)
				RefreshPlugins (39ms)
				BeforeProcessingInitializeOnLoad (1ms)
				ProcessInitializeOnLoadAttributes (54ms)
				ProcessInitializeOnLoadMethodAttributes (28ms)
				AfterProcessingInitializeOnLoad (0ms)
				EditorAssembliesLoaded (0ms)
			ExecutionOrderSort2 (0ms)
			AwakeInstancesAfterBackupRestoration (0ms)
Platform modules already initialized, skipping
Registering precompiled user dll's ...
Registered in 0.010650 seconds.
Begin MonoManager ReloadAssembly
Symbol file LoadedFromMemory doesn't match image D:\3.UNITY\ToonBlast\Library\PackageCache\com.unity.visualscripting@1.8.0\Editor\VisualScripting.Core\Dependencies\YamlDotNet\Unity.VisualScripting.YamlDotNet.dll
Symbol file LoadedFromMemory doesn't match image D:\3.UNITY\ToonBlast\Library\PackageCache\com.unity.visualscripting@1.8.0\Editor\VisualScripting.Core\Dependencies\DotNetZip\Unity.VisualScripting.IonicZip.dll
Native extension for WindowsStandalone target not found
Native extension for Android target not found
Native extension for WebGL target not found
Refreshing native plugins compatible for Editor in 0.45 ms, found 3 plugins.
Preloading 0 native plugins for Editor in 0.00 ms.
Mono: successfully reloaded assembly
- Completed reload, in  0.733 seconds
Domain Reload Profiling:
	ReloadAssembly (734ms)
		BeginReloadAssembly (108ms)
			ExecutionOrderSort (0ms)
			DisableScriptedObjects (4ms)
			BackupInstance (0ms)
			ReleaseScriptingObjects (0ms)
			CreateAndSetChildDomain (15ms)
		EndReloadAssembly (559ms)
			LoadAssemblies (121ms)
			RebuildTransferFunctionScriptingTraits (0ms)
			SetupTypeCache (176ms)
			ReleaseScriptCaches (0ms)
			RebuildScriptCaches (36ms)
			SetupLoadedEditorAssemblies (213ms)
				LogAssemblyErrors (0ms)
				InitializePlatformSupportModulesInManaged (18ms)
				SetLoadedEditorAssemblies (0ms)
				RefreshPlugins (0ms)
				BeforeProcessingInitializeOnLoad (44ms)
				ProcessInitializeOnLoadAttributes (133ms)
				ProcessInitializeOnLoadMethodAttributes (13ms)
				AfterProcessingInitializeOnLoad (3ms)
				EditorAssembliesLoaded (0ms)
			ExecutionOrderSort2 (0ms)
			AwakeInstancesAfterBackupRestoration (3ms)
Platform modules already initialized, skipping
========================================================================
Worker process is ready to serve import requests
Launched and connected shader compiler UnityShaderCompiler.exe after 0.04 seconds
Refreshing native plugins compatible for Editor in 0.49 ms, found 3 plugins.
Preloading 0 native plugins for Editor in 0.00 ms.
Unloading 3052 Unused Serialized files (Serialized files now loaded: 0)
Unloading 22 unused Assets / (284.4 KB). Loaded Objects now: 3517.
Memory consumption went from 112.5 MB to 112.2 MB.
Total: 2.819300 ms (FindLiveObjects: 0.183400 ms CreateObjectMapping: 0.068700 ms MarkObjects: 2.512600 ms  DeleteObjects: 0.053900 ms)

AssetImportParameters requested are different than current active one (requested -> active):
  custom:video-decoder-ogg-theora: a1e56fd34408186e4bbccfd4996cb3dc -> 
  custom:container-muxer-webm: aa71ff27fc2769a1b78a27578f13a17b -> 
  custom:container-demuxer-webm: 4f35f7cbe854078d1ac9338744f61a02 -> 
  custom:video-encoder-webm-vp8: eb34c28f22e8b96e1ab97ce403110664 -> 
  custom:audio-encoder-webm-vorbis: bf7c407c2cedff20999df2af8eb42d56 -> 
  custom:framework-win-MediaFoundation: 216162199b28c13a410421893ffa2e32 -> 
  custom:container-demuxer-ogg: 62fdf1f143b41e24485cea50d1cbac27 -> 
  custom:video-decoder-webm-vp8: 9c59270c3fd7afecdb556c50c9e8de78 -> 
  custom:audio-decoder-ogg-vorbis: bf7c407c2cedff20999df2af8eb42d56 -> 
========================================================================
Received Import Request.
  Time since last request: 360032.436032 seconds.
  path: Assets/_Scenes/InGameUI.prefab
  artifactKey: Guid(c525832e45842df4b8ff0e7e7fd58c1b) Importer(815301076,1909f56bfc062723c751e8b465ee728b)
Start importing Assets/_Scenes/InGameUI.prefab using Guid(c525832e45842df4b8ff0e7e7fd58c1b) Importer(815301076,1909f56bfc062723c751e8b465ee728b)  -> (artifact id: 'eef764399932468e9201a65901006c03') in 0.111286 seconds 
========================================================================
Received Import Request.
  Time since last request: 0.358439 seconds.
  path: Assets/_Scenes/LakeEnvironment
  artifactKey: Guid(d0805c42f6a69ad44b3ce8fd4224acf4) Importer(815301076,1909f56bfc062723c751e8b465ee728b)
Start importing Assets/_Scenes/LakeEnvironment using Guid(d0805c42f6a69ad44b3ce8fd4224acf4) Importer(815301076,1909f56bfc062723c751e8b465ee728b)  -> (artifact id: 'e2e071a42c67d8768831ea92a075207b') in 0.015147 seconds 
========================================================================
Received Import Request.
  Time since last request: 2.003351 seconds.
  path: Assets/_Scenes/VolcanoEnvironment
  artifactKey: Guid(eba7811df67f4cd48adc0ca0856e4f7c) Importer(815301076,1909f56bfc062723c751e8b465ee728b)
Start importing Assets/_Scenes/VolcanoEnvironment using Guid(eba7811df67f4cd48adc0ca0856e4f7c) Importer(815301076,1909f56bfc062723c751e8b465ee728b)  -> (artifact id: '94705296223c36714b55aa6e98c0ca18') in 0.013782 seconds 
========================================================================
Received Import Request.
  Time since last request: 2.195955 seconds.
  path: Assets/_Scenes/Buffer.unity
  artifactKey: Guid(e3bc6dfc461cdcb4ab37f581cdfe42b5) Importer(815301076,1909f56bfc062723c751e8b465ee728b)
Start importing Assets/_Scenes/Buffer.unity using Guid(e3bc6dfc461cdcb4ab37f581cdfe42b5) Importer(815301076,1909f56bfc062723c751e8b465ee728b)  -> (artifact id: '80c19640d347235205c68e9907abff7f') in 0.015093 seconds 
========================================================================
Received Import Request.
  Time since last request: 1.293070 seconds.
  path: Assets/_Scenes/Boot.unity
  artifactKey: Guid(12e74e2836e9e7e44b641b8bf8d9763c) Importer(815301076,1909f56bfc062723c751e8b465ee728b)
Start importing Assets/_Scenes/Boot.unity using Guid(12e74e2836e9e7e44b641b8bf8d9763c) Importer(815301076,1909f56bfc062723c751e8b465ee728b)  -> (artifact id: '0bc7b96fec798c3968b7e2ed1f0425b5') in 0.013997 seconds 
========================================================================
Received Import Request.
  Time since last request: 3.150378 seconds.
  path: Assets/_Scenes/Field.unity
  artifactKey: Guid(9015035ba8352634492b1e1db3bb620e) Importer(815301076,1909f56bfc062723c751e8b465ee728b)
Start importing Assets/_Scenes/Field.unity using Guid(9015035ba8352634492b1e1db3bb620e) Importer(815301076,1909f56bfc062723c751e8b465ee728b)  -> (artifact id: 'ad26b8f2e31eb6860a1ba7b08b3499a4') in 0.013472 seconds 
========================================================================
Received Import Request.
  Time since last request: 1.772944 seconds.
  path: Assets/_Scenes/Forest.unity
  artifactKey: Guid(94d48857cf4330c4aa72506d6c47c4dd) Importer(815301076,1909f56bfc062723c751e8b465ee728b)
Start importing Assets/_Scenes/Forest.unity using Guid(94d48857cf4330c4aa72506d6c47c4dd) Importer(815301076,1909f56bfc062723c751e8b465ee728b)  -> (artifact id: '6d45fba405d6b36ef5f00bd1d504dd09') in 0.013634 seconds 
========================================================================
Received Import Request.
  Time since last request: 2.605872 seconds.
  path: Assets/_Scenes/Lake.unity
  artifactKey: Guid(b095b0d0564dc1d43a391ddca43adcfe) Importer(815301076,1909f56bfc062723c751e8b465ee728b)
Start importing Assets/_Scenes/Lake.unity using Guid(b095b0d0564dc1d43a391ddca43adcfe) Importer(815301076,1909f56bfc062723c751e8b465ee728b)  -> (artifact id: '035a8f19a40dc68e8d571f8fa0ab73d2') in 0.015390 seconds 
========================================================================
Received Import Request.
  Time since last request: 1.683918 seconds.
  path: Assets/_Scenes/LightMapScence.unity
  artifactKey: Guid(966b1f125a0675441a7d56cea141ab59) Importer(815301076,1909f56bfc062723c751e8b465ee728b)
Start importing Assets/_Scenes/LightMapScence.unity using Guid(966b1f125a0675441a7d56cea141ab59) Importer(815301076,1909f56bfc062723c751e8b465ee728b)  -> (artifact id: '3f4d50cd8ea4678d1f9972b8aa79a5c7') in 0.015181 seconds 
========================================================================
Received Import Request.
  Time since last request: 6.092244 seconds.
  path: Assets/_Scenes/TPS.unity
  artifactKey: Guid(c214d312032d67a4999d445d00da46aa) Importer(815301076,1909f56bfc062723c751e8b465ee728b)
Start importing Assets/_Scenes/TPS.unity using Guid(c214d312032d67a4999d445d00da46aa) Importer(815301076,1909f56bfc062723c751e8b465ee728b)  -> (artifact id: 'aca738389c25dbec3c3b60846c29e5c1') in 0.014134 seconds 
========================================================================
Received Import Request.
  Time since last request: 1.990223 seconds.
  path: Assets/_Scenes/Volcano.unity
  artifactKey: Guid(4f51ed955c510be41b67c6ac7d6a4436) Importer(815301076,1909f56bfc062723c751e8b465ee728b)
Start importing Assets/_Scenes/Volcano.unity using Guid(4f51ed955c510be41b67c6ac7d6a4436) Importer(815301076,1909f56bfc062723c751e8b465ee728b)  -> (artifact id: '590cb1ace28addd8468e89d5ddddde5e') in 0.012632 seconds 
========================================================================
Received Import Request.
  Time since last request: 26.239168 seconds.
  path: Assets/_Scenes/Boot.unity
  artifactKey: Guid(12e74e2836e9e7e44b641b8bf8d9763c) Importer(815301076,1909f56bfc062723c751e8b465ee728b)
Start importing Assets/_Scenes/Boot.unity using Guid(12e74e2836e9e7e44b641b8bf8d9763c) Importer(815301076,1909f56bfc062723c751e8b465ee728b)  -> (artifact id: '2d84d9219deee517d698844837e491ab') in 0.001984 seconds 
========================================================================
Received Import Request.
  Time since last request: 52.665308 seconds.
  path: Assets/_Scipt/Camera
  artifactKey: Guid(a4e7ffe9635b2af41b0cc46a7a820165) Importer(815301076,1909f56bfc062723c751e8b465ee728b)
Start importing Assets/_Scipt/Camera using Guid(a4e7ffe9635b2af41b0cc46a7a820165) Importer(815301076,1909f56bfc062723c751e8b465ee728b)  -> (artifact id: '4737468b45f4c02128247bce42b1b9e4') in 0.017238 seconds 
========================================================================
Received Import Request.
  Time since last request: 35.271290 seconds.
  path: Assets/_Scipt/View
  artifactKey: Guid(a83e1a73c64a5e947965f9d9e1b62dfa) Importer(815301076,1909f56bfc062723c751e8b465ee728b)
Start importing Assets/_Scipt/View using Guid(a83e1a73c64a5e947965f9d9e1b62dfa) Importer(815301076,1909f56bfc062723c751e8b465ee728b)  -> (artifact id: '12178c89b627567dcbd111659e921931') in 0.014366 seconds 
========================================================================
Received Import Request.
  Time since last request: 1.290060 seconds.
  path: Assets/_Scipt/Utility
  artifactKey: Guid(515d4407631a2b94794527ad36ab2370) Importer(815301076,1909f56bfc062723c751e8b465ee728b)
Start importing Assets/_Scipt/Utility using Guid(515d4407631a2b94794527ad36ab2370) Importer(815301076,1909f56bfc062723c751e8b465ee728b)  -> (artifact id: '8d0156f88fd0a7ba1c050c2b253c5886') in 0.014113 seconds 
========================================================================
Received Import Request.
  Time since last request: 1.901782 seconds.
  path: Assets/_Scipt/DataBase
  artifactKey: Guid(d4a6a9640be0bda44abd824c63c76379) Importer(815301076,1909f56bfc062723c751e8b465ee728b)
Start importing Assets/_Scipt/DataBase using Guid(d4a6a9640be0bda44abd824c63c76379) Importer(815301076,1909f56bfc062723c751e8b465ee728b)  -> (artifact id: '895a7895e80ca455980a0ed4b5847478') in 0.013477 seconds 
========================================================================
Received Import Request.
  Time since last request: 1.948576 seconds.
  path: Assets/_Scipt/DataTable
  artifactKey: Guid(2d16f68b840c6dc44bbbc7ee2b40eade) Importer(815301076,1909f56bfc062723c751e8b465ee728b)
Start importing Assets/_Scipt/DataTable using Guid(2d16f68b840c6dc44bbbc7ee2b40eade) Importer(815301076,1909f56bfc062723c751e8b465ee728b)  -> (artifact id: '89a1f1931983038560ccaabee9fa94fe') in 0.019174 seconds 
========================================================================
Received Import Request.
  Time since last request: 6.106190 seconds.
  path: Assets/_Scenes
  artifactKey: Guid(8535368424ef1984380bb0e3bb8285ff) Importer(815301076,1909f56bfc062723c751e8b465ee728b)
Start importing Assets/_Scenes using Guid(8535368424ef1984380bb0e3bb8285ff) Importer(815301076,1909f56bfc062723c751e8b465ee728b)  -> (artifact id: '4298a860219a3d0f29c817642f79f7d6') in 0.001775 seconds 
========================================================================
Received Import Request.
  Time since last request: 26.493317 seconds.
  path: Assets/_Scenes/Level 1.unity
  artifactKey: Guid(ba09b236e329d6f49a01e7c7abe92264) Importer(815301076,1909f56bfc062723c751e8b465ee728b)
Start importing Assets/_Scenes/Level 1.unity using Guid(ba09b236e329d6f49a01e7c7abe92264) Importer(815301076,1909f56bfc062723c751e8b465ee728b)  -> (artifact id: '75810482bd72a3b1b6724895185f617c') in 0.014430 seconds 
========================================================================
Received Import Request.
  Time since last request: 791.254851 seconds.
  path: Assets/_Scipt/View/AboutMeView.cs
  artifactKey: Guid(fa6dd73e904e8194d8a1d398cf5f50e8) Importer(815301076,1909f56bfc062723c751e8b465ee728b)
Start importing Assets/_Scipt/View/AboutMeView.cs using Guid(fa6dd73e904e8194d8a1d398cf5f50e8) Importer(815301076,1909f56bfc062723c751e8b465ee728b)  -> (artifact id: '284ddc99e5b155f36f9ba790141babd1') in 0.035866 seconds 
========================================================================
Received Import Request.
  Time since last request: 2.127746 seconds.
  path: Assets/_Scipt/View/WeaponView.cs
  artifactKey: Guid(fb655f071bb0fb64a8b4a27465d8a8dc) Importer(815301076,1909f56bfc062723c751e8b465ee728b)
Start importing Assets/_Scipt/View/WeaponView.cs using Guid(fb655f071bb0fb64a8b4a27465d8a8dc) Importer(815301076,1909f56bfc062723c751e8b465ee728b)  -> (artifact id: '30ace518410b5cee6c511e95c433b6be') in 0.015284 seconds 
========================================================================
Received Import Request.
  Time since last request: 8.442330 seconds.
  path: Assets/_Scipt/Utility/EasingFunctions.cs
  artifactKey: Guid(ceb6503139ec47140992d631fc03ec85) Importer(815301076,1909f56bfc062723c751e8b465ee728b)
Start importing Assets/_Scipt/Utility/EasingFunctions.cs using Guid(ceb6503139ec47140992d631fc03ec85) Importer(815301076,1909f56bfc062723c751e8b465ee728b)  -> (artifact id: '6bb828158a25925456c100b10061b972') in 0.021304 seconds 
========================================================================
Received Import Request.
  Time since last request: 0.563330 seconds.
  path: Assets/_Scipt/Utility/MyDelegate.cs
  artifactKey: Guid(d97098fbe820d514bb5cddac5c9839c6) Importer(815301076,1909f56bfc062723c751e8b465ee728b)
Start importing Assets/_Scipt/Utility/MyDelegate.cs using Guid(d97098fbe820d514bb5cddac5c9839c6) Importer(815301076,1909f56bfc062723c751e8b465ee728b)  -> (artifact id: '2315d51218b16f4a6cf6b5caad5cbb57') in 0.016228 seconds 
========================================================================
Received Import Request.
  Time since last request: 0.538369 seconds.
  path: Assets/_Scipt/Utility/UIRootChangeScale.cs
  artifactKey: Guid(440f358a07e2c2e438c30751af3e2c39) Importer(815301076,1909f56bfc062723c751e8b465ee728b)
Start importing Assets/_Scipt/Utility/UIRootChangeScale.cs using Guid(440f358a07e2c2e438c30751af3e2c39) Importer(815301076,1909f56bfc062723c751e8b465ee728b)  -> (artifact id: 'b888eead5a9214c23e6edee888d24774') in 0.014485 seconds 
========================================================================
Received Import Request.
  Time since last request: 1.128880 seconds.
  path: Assets/_Scipt/Utility/PoolManager.cs
  artifactKey: Guid(76583217cdf47234f87298dc95198ba5) Importer(815301076,1909f56bfc062723c751e8b465ee728b)
Start importing Assets/_Scipt/Utility/PoolManager.cs using Guid(76583217cdf47234f87298dc95198ba5) Importer(815301076,1909f56bfc062723c751e8b465ee728b)  -> (artifact id: '5b5ad9490a607baa4784192c5f0842bf') in 0.014929 seconds 
========================================================================
Received Import Request.
  Time since last request: 1.544061 seconds.
  path: Assets/_Scipt/Utility/MySingleton.cs
  artifactKey: Guid(5a8a404cc179ea44d86bc7f6d4bea97c) Importer(815301076,1909f56bfc062723c751e8b465ee728b)
Start importing Assets/_Scipt/Utility/MySingleton.cs using Guid(5a8a404cc179ea44d86bc7f6d4bea97c) Importer(815301076,1909f56bfc062723c751e8b465ee728b)  -> (artifact id: '3f25958f59f579e6df9f7d5641d6abf3') in 0.013667 seconds 
========================================================================
Received Import Request.
  Time since last request: 1.059569 seconds.
  path: Assets/_Scipt/Utility/MusicManager.cs
  artifactKey: Guid(a5c49c3df2d7e7b4981d8f1f31a188d1) Importer(815301076,1909f56bfc062723c751e8b465ee728b)
Start importing Assets/_Scipt/Utility/MusicManager.cs using Guid(a5c49c3df2d7e7b4981d8f1f31a188d1) Importer(815301076,1909f56bfc062723c751e8b465ee728b)  -> (artifact id: '3db626843d0782840d0001b92a46050e') in 0.013798 seconds 
========================================================================
Received Import Request.
  Time since last request: 8.697581 seconds.
  path: Assets/_Scipt/Utility/LoadSceenManager.cs
  artifactKey: Guid(6986c4720b376144d90d08ba871b1ddf) Importer(815301076,1909f56bfc062723c751e8b465ee728b)
Start importing Assets/_Scipt/Utility/LoadSceenManager.cs using Guid(6986c4720b376144d90d08ba871b1ddf) Importer(815301076,1909f56bfc062723c751e8b465ee728b)  -> (artifact id: '5c7cfe31f13e013258cbc12dd8c5b2dc') in 0.012028 seconds 
========================================================================
Received Import Request.
  Time since last request: 13.771915 seconds.
  path: Assets/_Scipt/Utility/BootForDemoScence.cs
  artifactKey: Guid(e3258a322cd64764e93e11e5b5635477) Importer(815301076,1909f56bfc062723c751e8b465ee728b)
Start importing Assets/_Scipt/Utility/BootForDemoScence.cs using Guid(e3258a322cd64764e93e11e5b5635477) Importer(815301076,1909f56bfc062723c751e8b465ee728b)  -> (artifact id: '79f37b37a9ee82c366c1d2d0074d6641') in 0.014580 seconds 
========================================================================
Received Import Request.
  Time since last request: 5.153797 seconds.
  path: Assets/_Scipt/View/Base
  artifactKey: Guid(2f3e7f91aa70fa44db9a348ec75a8cb0) Importer(815301076,1909f56bfc062723c751e8b465ee728b)
Start importing Assets/_Scipt/View/Base using Guid(2f3e7f91aa70fa44db9a348ec75a8cb0) Importer(815301076,1909f56bfc062723c751e8b465ee728b)  -> (artifact id: 'e60a62a75b9c688397539ef635a50ba1') in 0.012592 seconds 
========================================================================
Received Import Request.
  Time since last request: 1.056132 seconds.
  path: Assets/_Scipt/View/Base/ViewManager.cs
  artifactKey: Guid(ba84529212f43f6438507ff6970838e0) Importer(815301076,1909f56bfc062723c751e8b465ee728b)
Start importing Assets/_Scipt/View/Base/ViewManager.cs using Guid(ba84529212f43f6438507ff6970838e0) Importer(815301076,1909f56bfc062723c751e8b465ee728b)  -> (artifact id: 'cb875d685b70d74363b1ece58362bff8') in 0.012837 seconds 
========================================================================
Received Import Request.
  Time since last request: 0.322869 seconds.
  path: Assets/_Scipt/View/Base/desktop.ini
  artifactKey: Guid(eb6499866b58f0c4b8f341f4e851fd3e) Importer(815301076,1909f56bfc062723c751e8b465ee728b)
Start importing Assets/_Scipt/View/Base/desktop.ini using Guid(eb6499866b58f0c4b8f341f4e851fd3e) Importer(815301076,1909f56bfc062723c751e8b465ee728b)  -> (artifact id: 'fa85c077a66fb848e3fd6eabadb4e467') in 0.078816 seconds 
========================================================================
Received Import Request.
  Time since last request: 0.270980 seconds.
  path: Assets/_Scipt/View/Base/BaseViewAnimation.cs
  artifactKey: Guid(434544698f0a01b489443816d12e0caf) Importer(815301076,1909f56bfc062723c751e8b465ee728b)
Start importing Assets/_Scipt/View/Base/BaseViewAnimation.cs using Guid(434544698f0a01b489443816d12e0caf) Importer(815301076,1909f56bfc062723c751e8b465ee728b)  -> (artifact id: '811b8263d66201f95affb9a7310f78eb') in 0.009918 seconds 
========================================================================
Received Import Request.
  Time since last request: 0.347488 seconds.
  path: Assets/_Scipt/View/Base/BaseView.cs
  artifactKey: Guid(ead0c92cc9f9d364db67a5077f9cb8ca) Importer(815301076,1909f56bfc062723c751e8b465ee728b)
Start importing Assets/_Scipt/View/Base/BaseView.cs using Guid(ead0c92cc9f9d364db67a5077f9cb8ca) Importer(815301076,1909f56bfc062723c751e8b465ee728b)  -> (artifact id: '8ace80e3472aadb5de2b59a0c6090d53') in 0.015175 seconds 
========================================================================
Received Import Request.
  Time since last request: 1.737928 seconds.
  path: Assets/_Scipt/FSM
  artifactKey: Guid(76bd6454596ffda48a534365553f9283) Importer(815301076,1909f56bfc062723c751e8b465ee728b)
Start importing Assets/_Scipt/FSM using Guid(76bd6454596ffda48a534365553f9283) Importer(815301076,1909f56bfc062723c751e8b465ee728b)  -> (artifact id: 'ff10d16c83125947cff4cb43d0b3fbf2') in 0.014842 seconds 
========================================================================
Received Import Request.
  Time since last request: 0.773144 seconds.
  path: Assets/_Scipt/FSM/FSM_System.cs
  artifactKey: Guid(0077081c6ed68c74683bc91808d368e1) Importer(815301076,1909f56bfc062723c751e8b465ee728b)
Start importing Assets/_Scipt/FSM/FSM_System.cs using Guid(0077081c6ed68c74683bc91808d368e1) Importer(815301076,1909f56bfc062723c751e8b465ee728b)  -> (artifact id: '5704323de7d9508ccd28e482eeb6259f') in 0.012612 seconds 
========================================================================
Received Import Request.
  Time since last request: 0.313747 seconds.
  path: Assets/_Scipt/FSM/FSM_State.cs
  artifactKey: Guid(4c2cf9165237f22469b8d1350d242939) Importer(815301076,1909f56bfc062723c751e8b465ee728b)
Start importing Assets/_Scipt/FSM/FSM_State.cs using Guid(4c2cf9165237f22469b8d1350d242939) Importer(815301076,1909f56bfc062723c751e8b465ee728b)  -> (artifact id: '756c87b130522481831f24ffab828a05') in 0.011001 seconds 
========================================================================
Received Import Request.
  Time since last request: 2.209715 seconds.
  path: Assets/_Scipt/DataTable/EnemyConfig.cs
  artifactKey: Guid(ecdcda4898d047d4da06af80383fd829) Importer(815301076,1909f56bfc062723c751e8b465ee728b)
Start importing Assets/_Scipt/DataTable/EnemyConfig.cs using Guid(ecdcda4898d047d4da06af80383fd829) Importer(815301076,1909f56bfc062723c751e8b465ee728b)  -> (artifact id: 'a26875ceb5e14cbf0d0a31c27f6a2f0f') in 0.012493 seconds 
========================================================================
Received Import Request.
  Time since last request: 4.597485 seconds.
  path: Assets/_Scipt/DataBase/DataSchema.cs
  artifactKey: Guid(43abfb2e32607d54a99910de190d35fc) Importer(815301076,1909f56bfc062723c751e8b465ee728b)
Start importing Assets/_Scipt/DataBase/DataSchema.cs using Guid(43abfb2e32607d54a99910de190d35fc) Importer(815301076,1909f56bfc062723c751e8b465ee728b)  -> (artifact id: '6cac9e1915b73fab26b4f44f9868a625') in 0.014762 seconds 
========================================================================
Received Import Request.
  Time since last request: 0.271913 seconds.
  path: Assets/_Scipt/DataBase/DataPath.cs
  artifactKey: Guid(425822e219fc5b041834fa5892ee3514) Importer(815301076,1909f56bfc062723c751e8b465ee728b)
Start importing Assets/_Scipt/DataBase/DataPath.cs using Guid(425822e219fc5b041834fa5892ee3514) Importer(815301076,1909f56bfc062723c751e8b465ee728b)  -> (artifact id: '8cf849505fbd450585812445c11d0517') in 0.010766 seconds 
========================================================================
Received Import Request.
  Time since last request: 0.651025 seconds.
  path: Assets/_Scipt
  artifactKey: Guid(07866d8fad5e11e47a4159b74d95c881) Importer(815301076,1909f56bfc062723c751e8b465ee728b)
Start importing Assets/_Scipt using Guid(07866d8fad5e11e47a4159b74d95c881) Importer(815301076,1909f56bfc062723c751e8b465ee728b)  -> (artifact id: '70aba225b891b668b0a0163481c605b3') in 0.018741 seconds 
========================================================================
Received Import Request.
  Time since last request: 1.888263 seconds.
  path: Assets/Plugins
  artifactKey: Guid(ae294166955ae13429c7cdf08a5062da) Importer(815301076,1909f56bfc062723c751e8b465ee728b)
Start importing Assets/Plugins using Guid(ae294166955ae13429c7cdf08a5062da) Importer(815301076,1909f56bfc062723c751e8b465ee728b)  -> (artifact id: '5d80bb7ad62318cf7a389359381388c0') in 0.016704 seconds 
========================================================================
Received Import Request.
  Time since last request: 1.250041 seconds.
  path: Assets/DOTween
  artifactKey: Guid(40721553d2186874082a2438388098fc) Importer(815301076,1909f56bfc062723c751e8b465ee728b)
Start importing Assets/DOTween using Guid(40721553d2186874082a2438388098fc) Importer(815301076,1909f56bfc062723c751e8b465ee728b)  -> (artifact id: '91b8a90311af0594fec7399c0b34f4dd') in 0.015626 seconds 
========================================================================
Received Import Request.
  Time since last request: 1.397299 seconds.
  path: Assets/DOTween/DOTween.dll
  artifactKey: Guid(fcf6dfc812dbbb1468717dc12f0ad262) Importer(815301076,1909f56bfc062723c751e8b465ee728b)
Start importing Assets/DOTween/DOTween.dll using Guid(fcf6dfc812dbbb1468717dc12f0ad262) Importer(815301076,1909f56bfc062723c751e8b465ee728b)  -> (artifact id: '0861486841f6d82a178f9475d719147b') in 0.004514 seconds 
========================================================================
Received Import Request.
  Time since last request: 11.910607 seconds.
  path: Assets/DOTween/Editor
  artifactKey: Guid(e76e44bd125f16b40a01c9c6c9525da8) Importer(815301076,1909f56bfc062723c751e8b465ee728b)
Start importing Assets/DOTween/Editor using Guid(e76e44bd125f16b40a01c9c6c9525da8) Importer(815301076,1909f56bfc062723c751e8b465ee728b)  -> (artifact id: 'fe241dab6b693c5165a4e341611eab3e') in 0.022555 seconds 
========================================================================
Received Import Request.
  Time since last request: 11.766347 seconds.
  path: Assets/_Scipt/Dialog
  artifactKey: Guid(ae2f5e8d69ef9064a86f26bdd88560b6) Importer(815301076,1909f56bfc062723c751e8b465ee728b)
Start importing Assets/_Scipt/Dialog using Guid(ae2f5e8d69ef9064a86f26bdd88560b6) Importer(815301076,1909f56bfc062723c751e8b465ee728b)  -> (artifact id: 'b6ef19718459c8ef3fef0a9f08e92113') in 0.021833 seconds 
