Using pre-set license
Built from '2021.3/staging' branch; Version is '2021.3.26f1 (a16dc32e0ff2) revision 10579395'; Using compiler version '192829333'; Build Type 'Release'
OS: 'Windows 11  (10.0.22621) 64bit CoreSingleLanguage' Language: 'en' Physical Memory: 7896 MB
BatchMode: 1, IsHumanControllingUs: 0, StartBugReporterOnCrash: 0, Is64bit: 1, IsPro: 1

COMMAND LINE ARGUMENTS:
C:\Program Files\Unity\Hub\Editor\2021.3.26f1\Editor\Unity.exe
-adb2
-batchMode
-noUpm
-name
AssetImportWorker2
-projectPath
D:/3.UNITY/ToonBlast
-logFile
Logs/AssetImportWorker2.log
-srvPort
60083
Successfully changed project path to: D:/3.UNITY/ToonBlast
D:/3.UNITY/ToonBlast
[UnityMemory] Configuration Parameters - Can be set up in boot.config
    "memorysetup-bucket-allocator-granularity=16"
    "memorysetup-bucket-allocator-bucket-count=8"
    "memorysetup-bucket-allocator-block-size=33554432"
    "memorysetup-bucket-allocator-block-count=8"
    "memorysetup-main-allocator-block-size=16777216"
    "memorysetup-thread-allocator-block-size=16777216"
    "memorysetup-gfx-main-allocator-block-size=16777216"
    "memorysetup-gfx-thread-allocator-block-size=16777216"
    "memorysetup-cache-allocator-block-size=4194304"
    "memorysetup-typetree-allocator-block-size=2097152"
    "memorysetup-profiler-bucket-allocator-granularity=16"
    "memorysetup-profiler-bucket-allocator-bucket-count=8"
    "memorysetup-profiler-bucket-allocator-block-size=33554432"
    "memorysetup-profiler-bucket-allocator-block-count=8"
    "memorysetup-profiler-allocator-block-size=16777216"
    "memorysetup-profiler-editor-allocator-block-size=1048576"
    "memorysetup-temp-allocator-size-main=16777216"
    "memorysetup-job-temp-allocator-block-size=2097152"
    "memorysetup-job-temp-allocator-block-size-background=1048576"
    "memorysetup-job-temp-allocator-reduction-small-platforms=262144"
    "memorysetup-temp-allocator-size-background-worker=32768"
    "memorysetup-temp-allocator-size-job-worker=262144"
    "memorysetup-temp-allocator-size-preload-manager=33554432"
    "memorysetup-temp-allocator-size-nav-mesh-worker=65536"
    "memorysetup-temp-allocator-size-audio-worker=65536"
    "memorysetup-temp-allocator-size-cloud-worker=32768"
    "memorysetup-temp-allocator-size-gi-baking-worker=262144"
    "memorysetup-temp-allocator-size-gfx=262144"
Player connection [30592] Host "[IP] 172.17.32.1 [Port] 0 [Flags] 2 [Guid] 3509451003 [EditorId] 3509451003 [Version] 1048832 [Id] WindowsEditor(7,TRONGPC) [Debug] 1 [PackageName] WindowsEditor [ProjectName] Editor" joined multi-casting on [225.0.0.222:54997]...

Player connection [30592] Host "[IP] 172.17.32.1 [Port] 0 [Flags] 2 [Guid] 3509451003 [EditorId] 3509451003 [Version] 1048832 [Id] WindowsEditor(7,TRONGPC) [Debug] 1 [PackageName] WindowsEditor [ProjectName] Editor" joined alternative multi-casting on [225.0.0.222:34997]...

Refreshing native plugins compatible for Editor in 54.81 ms, found 3 plugins.
Preloading 0 native plugins for Editor in 0.00 ms.
Initialize engine version: 2021.3.26f1 (a16dc32e0ff2)
[Subsystems] Discovering subsystems at path C:/Program Files/Unity/Hub/Editor/2021.3.26f1/Editor/Data/Resources/UnitySubsystems
[Subsystems] Discovering subsystems at path D:/3.UNITY/ToonBlast/Assets
GfxDevice: creating device client; threaded=0; jobified=0
Direct3D:
    Version:  Direct3D 11.0 [level 11.1]
    Renderer: NVIDIA GeForce RTX 3050 Ti Laptop GPU (ID=0x25a0)
    Vendor:   NVIDIA
    VRAM:     3976 MB
    Driver:   31.0.15.3758
Initialize mono
Mono path[0] = 'C:/Program Files/Unity/Hub/Editor/2021.3.26f1/Editor/Data/Managed'
Mono path[1] = 'C:/Program Files/Unity/Hub/Editor/2021.3.26f1/Editor/Data/MonoBleedingEdge/lib/mono/unityjit-win32'
Mono config path = 'C:/Program Files/Unity/Hub/Editor/2021.3.26f1/Editor/Data/MonoBleedingEdge/etc'
Using monoOptions --debugger-agent=transport=dt_socket,embedding=1,server=y,suspend=n,address=127.0.0.1:56200
Begin MonoManager ReloadAssembly
Registering precompiled unity dll's ...
Register platform support module: C:/Program Files/Unity/Hub/Editor/2021.3.26f1/Editor/Data/PlaybackEngines/WebGLSupport/UnityEditor.WebGL.Extensions.dll
Register platform support module: C:/Program Files/Unity/Hub/Editor/2021.3.26f1/Editor/Data/PlaybackEngines/AndroidPlayer/UnityEditor.Android.Extensions.dll
Register platform support module: C:/Program Files/Unity/Hub/Editor/2021.3.26f1/Editor/Data/PlaybackEngines/WindowsStandaloneSupport/UnityEditor.WindowsStandalone.Extensions.dll
Registered in 0.003346 seconds.
Native extension for WindowsStandalone target not found
Native extension for Android target not found
Android Extension - Scanning For ADB Devices 175 ms
Native extension for WebGL target not found
Refreshing native plugins compatible for Editor in 38.29 ms, found 3 plugins.
Preloading 0 native plugins for Editor in 0.00 ms.
Mono: successfully reloaded assembly
- Completed reload, in  0.591 seconds
Domain Reload Profiling:
	ReloadAssembly (591ms)
		BeginReloadAssembly (57ms)
			ExecutionOrderSort (0ms)
			DisableScriptedObjects (0ms)
			BackupInstance (0ms)
			ReleaseScriptingObjects (0ms)
			CreateAndSetChildDomain (1ms)
		EndReloadAssembly (474ms)
			LoadAssemblies (56ms)
			RebuildTransferFunctionScriptingTraits (0ms)
			SetupTypeCache (66ms)
			ReleaseScriptCaches (0ms)
			RebuildScriptCaches (17ms)
			SetupLoadedEditorAssemblies (356ms)
				LogAssemblyErrors (0ms)
				InitializePlatformSupportModulesInManaged (235ms)
				SetLoadedEditorAssemblies (0ms)
				RefreshPlugins (38ms)
				BeforeProcessingInitializeOnLoad (1ms)
				ProcessInitializeOnLoadAttributes (55ms)
				ProcessInitializeOnLoadMethodAttributes (27ms)
				AfterProcessingInitializeOnLoad (0ms)
				EditorAssembliesLoaded (0ms)
			ExecutionOrderSort2 (0ms)
			AwakeInstancesAfterBackupRestoration (0ms)
Platform modules already initialized, skipping
Registering precompiled user dll's ...
Registered in 0.001607 seconds.
Begin MonoManager ReloadAssembly
Symbol file LoadedFromMemory doesn't match image D:\3.UNITY\ToonBlast\Library\PackageCache\com.unity.visualscripting@1.8.0\Editor\VisualScripting.Core\Dependencies\YamlDotNet\Unity.VisualScripting.YamlDotNet.dll
Symbol file LoadedFromMemory doesn't match image D:\3.UNITY\ToonBlast\Library\PackageCache\com.unity.visualscripting@1.8.0\Editor\VisualScripting.Core\Dependencies\DotNetZip\Unity.VisualScripting.IonicZip.dll
Native extension for WindowsStandalone target not found
Native extension for Android target not found
Native extension for WebGL target not found
Refreshing native plugins compatible for Editor in 0.46 ms, found 3 plugins.
Preloading 0 native plugins for Editor in 0.00 ms.
Mono: successfully reloaded assembly
- Completed reload, in  0.614 seconds
Domain Reload Profiling:
	ReloadAssembly (614ms)
		BeginReloadAssembly (78ms)
			ExecutionOrderSort (0ms)
			DisableScriptedObjects (4ms)
			BackupInstance (0ms)
			ReleaseScriptingObjects (0ms)
			CreateAndSetChildDomain (14ms)
		EndReloadAssembly (471ms)
			LoadAssemblies (63ms)
			RebuildTransferFunctionScriptingTraits (0ms)
			SetupTypeCache (160ms)
			ReleaseScriptCaches (1ms)
			RebuildScriptCaches (31ms)
			SetupLoadedEditorAssemblies (201ms)
				LogAssemblyErrors (0ms)
				InitializePlatformSupportModulesInManaged (13ms)
				SetLoadedEditorAssemblies (0ms)
				RefreshPlugins (0ms)
				BeforeProcessingInitializeOnLoad (42ms)
				ProcessInitializeOnLoadAttributes (130ms)
				ProcessInitializeOnLoadMethodAttributes (12ms)
				AfterProcessingInitializeOnLoad (3ms)
				EditorAssembliesLoaded (0ms)
			ExecutionOrderSort2 (0ms)
			AwakeInstancesAfterBackupRestoration (3ms)
Platform modules already initialized, skipping
========================================================================
Worker process is ready to serve import requests
Launched and connected shader compiler UnityShaderCompiler.exe after 0.04 seconds
Refreshing native plugins compatible for Editor in 0.50 ms, found 3 plugins.
Preloading 0 native plugins for Editor in 0.00 ms.
Unloading 3052 Unused Serialized files (Serialized files now loaded: 0)
Unloading 22 unused Assets / (284.5 KB). Loaded Objects now: 3517.
Memory consumption went from 112.5 MB to 112.2 MB.
Total: 3.380600 ms (FindLiveObjects: 0.183800 ms CreateObjectMapping: 0.088200 ms MarkObjects: 3.036200 ms  DeleteObjects: 0.071500 ms)

AssetImportParameters requested are different than current active one (requested -> active):
  custom:video-decoder-ogg-theora: a1e56fd34408186e4bbccfd4996cb3dc -> 
  custom:container-muxer-webm: aa71ff27fc2769a1b78a27578f13a17b -> 
  custom:container-demuxer-webm: 4f35f7cbe854078d1ac9338744f61a02 -> 
  custom:video-encoder-webm-vp8: eb34c28f22e8b96e1ab97ce403110664 -> 
  custom:audio-encoder-webm-vorbis: bf7c407c2cedff20999df2af8eb42d56 -> 
  custom:framework-win-MediaFoundation: 216162199b28c13a410421893ffa2e32 -> 
  custom:container-demuxer-ogg: 62fdf1f143b41e24485cea50d1cbac27 -> 
  custom:video-decoder-webm-vp8: 9c59270c3fd7afecdb556c50c9e8de78 -> 
  custom:audio-decoder-ogg-vorbis: bf7c407c2cedff20999df2af8eb42d56 -> 
========================================================================
Received Import Request.
  Time since last request: 360016.279131 seconds.
  path: Assets/_Scenes/ControlUI
  artifactKey: Guid(04ea4b6542bc57d46a0d5081af50f48c) Importer(815301076,1909f56bfc062723c751e8b465ee728b)
Start importing Assets/_Scenes/ControlUI using Guid(04ea4b6542bc57d46a0d5081af50f48c) Importer(815301076,1909f56bfc062723c751e8b465ee728b)  -> (artifact id: 'f6dbed20c5696398b75bda333de7b35c') in 0.022244 seconds 
========================================================================
Received Import Request.
  Time since last request: 0.028679 seconds.
  path: Assets/_Scenes/ControlUI/book.png
  artifactKey: Guid(428027a96cab1c54fb91709f5ae58348) Importer(815301076,1909f56bfc062723c751e8b465ee728b)
Start importing Assets/_Scenes/ControlUI/book.png using Guid(428027a96cab1c54fb91709f5ae58348) Importer(815301076,1909f56bfc062723c751e8b465ee728b)  -> (artifact id: 'd66d4c187df9f68b561d6b2dd4768fd9') in 0.240969 seconds 
========================================================================
Received Import Request.
  Time since last request: 4.035834 seconds.
  path: Assets/_Scenes/InGameUI.prefab
  artifactKey: Guid(c525832e45842df4b8ff0e7e7fd58c1b) Importer(815301076,1909f56bfc062723c751e8b465ee728b)
Start importing Assets/_Scenes/InGameUI.prefab using Guid(c525832e45842df4b8ff0e7e7fd58c1b) Importer(815301076,1909f56bfc062723c751e8b465ee728b)  -> (artifact id: '3cd4d637b522f6746863d8ee7db80734') in 0.120486 seconds 
========================================================================
Received Import Request.
  Time since last request: 0.248647 seconds.
  path: Assets/_Scenes/FieldEnvironment
  artifactKey: Guid(28f9416d54fe9ea4a913ba174e307318) Importer(815301076,1909f56bfc062723c751e8b465ee728b)
Start importing Assets/_Scenes/FieldEnvironment using Guid(28f9416d54fe9ea4a913ba174e307318) Importer(815301076,1909f56bfc062723c751e8b465ee728b)  -> (artifact id: '57baf5978697acb7f0af0dbe8ae736dd') in 0.013979 seconds 
========================================================================
Received Import Request.
  Time since last request: 0.034812 seconds.
  path: Assets/_Scenes/FieldEnvironment/dark ground.jpg
  artifactKey: Guid(1a01c8bb9330570469947aad35139e08) Importer(815301076,1909f56bfc062723c751e8b465ee728b)
Start importing Assets/_Scenes/FieldEnvironment/dark ground.jpg using Guid(1a01c8bb9330570469947aad35139e08) Importer(815301076,1909f56bfc062723c751e8b465ee728b)  -> (artifact id: '4e764bf7cb3818eabb3e5f4da0508504') in 0.025688 seconds 
========================================================================
Received Import Request.
  Time since last request: 0.000045 seconds.
  path: Assets/_Scenes/FieldEnvironment/Swamp.terrainlayer
  artifactKey: Guid(9907ff2176db33c44bcaa48c40562df7) Importer(815301076,1909f56bfc062723c751e8b465ee728b)
Start importing Assets/_Scenes/FieldEnvironment/Swamp.terrainlayer using Guid(9907ff2176db33c44bcaa48c40562df7) Importer(815301076,1909f56bfc062723c751e8b465ee728b)  -> (artifact id: 'a3755ff21d22ec233fee9b55a3d9c91d') in 0.031932 seconds 
========================================================================
Received Import Request.
  Time since last request: 3.318739 seconds.
  path: Assets/_Scenes/ForestEnvironment
  artifactKey: Guid(7d650232c484e7545a0bf55ef9bcc129) Importer(815301076,1909f56bfc062723c751e8b465ee728b)
Start importing Assets/_Scenes/ForestEnvironment using Guid(7d650232c484e7545a0bf55ef9bcc129) Importer(815301076,1909f56bfc062723c751e8b465ee728b)  -> (artifact id: 'af46983698322a7900c213c118e8d75d') in 0.011968 seconds 
========================================================================
Received Import Request.
  Time since last request: 0.048620 seconds.
  path: Assets/_Scenes/ForestEnvironment/Forest.asset
  artifactKey: Guid(b4aa8c5940f5f2d4dadbe7d25d155277) Importer(815301076,1909f56bfc062723c751e8b465ee728b)
Start importing Assets/_Scenes/ForestEnvironment/Forest.asset using Guid(b4aa8c5940f5f2d4dadbe7d25d155277) Importer(815301076,1909f56bfc062723c751e8b465ee728b) Tree prefab at index 0 is missing.
Tree prefab at index 1 is missing.
Tree prefab at index 2 is missing.
Tree prefab at index 3 is missing.
Tree prefab at index 4 is missing.
Tree prefab at index 5 is missing.
Tree prefab at index 6 is missing.
Tree prefab at index 7 is missing.
Tree prefab at index 8 is missing.
Tree prefab at index 9 is missing.
Tree prefab at index 10 is missing.
Tree prefab at index 11 is missing.
Tree prefab at index 12 is missing.
Tree prefab at index 13 is missing.
Tree prefab at index 14 is missing.
Tree prefab at index 15 is missing.
 -> (artifact id: 'fea211bc2629a2b9700d14a884d978a0') in 0.067669 seconds 
========================================================================
Received Import Request.
  Time since last request: 2.762657 seconds.
  path: Assets/_Scenes/Ingame UI
  artifactKey: Guid(eabe05002ddd4ca4793d339380b47f9c) Importer(815301076,1909f56bfc062723c751e8b465ee728b)
Start importing Assets/_Scenes/Ingame UI using Guid(eabe05002ddd4ca4793d339380b47f9c) Importer(815301076,1909f56bfc062723c751e8b465ee728b)  -> (artifact id: 'dff4505c5a15c61ed0a281b550f8bf47') in 0.014166 seconds 
========================================================================
Received Import Request.
  Time since last request: 0.043561 seconds.
  path: Assets/_Scenes/Ingame UI/AlerArrow.png
  artifactKey: Guid(4a302bf18a5e2444d8f901e296708a1f) Importer(815301076,1909f56bfc062723c751e8b465ee728b)
Start importing Assets/_Scenes/Ingame UI/AlerArrow.png using Guid(4a302bf18a5e2444d8f901e296708a1f) Importer(815301076,1909f56bfc062723c751e8b465ee728b)  -> (artifact id: 'cb88246ab6af288f3ff43918f2399cfd') in 0.238723 seconds 
========================================================================
Received Import Request.
  Time since last request: 0.000024 seconds.
  path: Assets/_Scenes/Ingame UI/Leafe.mat
  artifactKey: Guid(48b3b60ee4e778040bd611e9fe7a4943) Importer(815301076,1909f56bfc062723c751e8b465ee728b)
Start importing Assets/_Scenes/Ingame UI/Leafe.mat using Guid(48b3b60ee4e778040bd611e9fe7a4943) Importer(815301076,1909f56bfc062723c751e8b465ee728b)  -> (artifact id: '9ea9f5bda7b0ce2d762070229744f5c6') in 0.182364 seconds 
========================================================================
Received Import Request.
  Time since last request: 0.000080 seconds.
  path: Assets/_Scenes/Ingame UI/lightessentexture.png
  artifactKey: Guid(ce75e5e80fa577a4b982882b4d7155e1) Importer(815301076,1909f56bfc062723c751e8b465ee728b)
Start importing Assets/_Scenes/Ingame UI/lightessentexture.png using Guid(ce75e5e80fa577a4b982882b4d7155e1) Importer(815301076,1909f56bfc062723c751e8b465ee728b)  -> (artifact id: '177bc9caea023ce221f929e1ca271367') in 0.032038 seconds 
========================================================================
Received Import Request.
  Time since last request: 0.000033 seconds.
  path: Assets/_Scenes/Ingame UI/ice.png
  artifactKey: Guid(0f9b3686bc68a324890bb2121daba894) Importer(815301076,1909f56bfc062723c751e8b465ee728b)
Start importing Assets/_Scenes/Ingame UI/ice.png using Guid(0f9b3686bc68a324890bb2121daba894) Importer(815301076,1909f56bfc062723c751e8b465ee728b)  -> (artifact id: 'd155b1a916771c05138eacb141f286e7') in 0.230494 seconds 
========================================================================
Received Import Request.
  Time since last request: 0.000191 seconds.
  path: Assets/_Scenes/Ingame UI/mywheel.png
  artifactKey: Guid(9a1bc515bf3d581459604b526d761cf0) Importer(815301076,1909f56bfc062723c751e8b465ee728b)
Start importing Assets/_Scenes/Ingame UI/mywheel.png using Guid(9a1bc515bf3d581459604b526d761cf0) Importer(815301076,1909f56bfc062723c751e8b465ee728b)  -> (artifact id: 'f29df9cfaaf798cbad1ee31022f59f0d') in 0.120990 seconds 
========================================================================
Received Import Request.
  Time since last request: 0.000428 seconds.
  path: Assets/_Scenes/Ingame UI/white metal.png
  artifactKey: Guid(e349143dafda894428c9e95abd9964a7) Importer(815301076,1909f56bfc062723c751e8b465ee728b)
Start importing Assets/_Scenes/Ingame UI/white metal.png using Guid(e349143dafda894428c9e95abd9964a7) Importer(815301076,1909f56bfc062723c751e8b465ee728b)  -> (artifact id: 'e459bed345421878c62d1ce174230631') in 0.060180 seconds 
Editor requested this worker to shutdown with reason: Scaling down because of idle timeout
AssetImportWorker is now disconnected from the server
Process exiting
Exiting without the bug reporter. Application will terminate with return code 0